<?xml version="1.0" encoding="UTF-8"?>
<coverage generated="1737427474195" clover="3.2.0">
  <project timestamp="1737427474195" name="All files">
    <metrics statements="32" coveredstatements="32" conditionals="6" coveredconditionals="5" methods="14" coveredmethods="13" elements="52" coveredelements="50" complexity="0" loc="32" ncloc="32" packages="1" files="6" classes="6"/>
    <file name="App.jsx" path="C:\Users\Kody\careerFoundry\Meet_App\meet\src\App.jsx">
      <metrics statements="2" coveredstatements="2" conditionals="0" coveredconditionals="0" methods="1" coveredmethods="1"/>
      <line num="7" count="1" type="stmt"/>
      <line num="8" count="2" type="stmt"/>
    </file>
    <file name="CitySearch.jsx" path="C:\Users\Kody\careerFoundry\Meet_App\meet\src\CitySearch.jsx">
      <metrics statements="17" coveredstatements="17" conditionals="4" coveredconditionals="3" methods="6" coveredmethods="6"/>
      <line num="4" count="2" type="stmt"/>
      <line num="5" count="25" type="stmt"/>
      <line num="6" count="25" type="stmt"/>
      <line num="7" count="25" type="stmt"/>
      <line num="8" count="25" type="stmt"/>
      <line num="9" count="12" type="stmt"/>
      <line num="10" count="12" type="cond" truecount="1" falsecount="1"/>
      <line num="11" count="180" type="stmt"/>
      <line num="15" count="12" type="stmt"/>
      <line num="16" count="12" type="stmt"/>
      <line num="19" count="25" type="stmt"/>
      <line num="20" count="1" type="stmt"/>
      <line num="21" count="1" type="stmt"/>
      <line num="22" count="1" type="stmt"/>
      <line num="25" count="25" type="stmt"/>
      <line num="32" count="3" type="stmt"/>
      <line num="38" count="20" type="stmt"/>
    </file>
    <file name="Event.jsx" path="C:\Users\Kody\careerFoundry\Meet_App\meet\src\Event.jsx">
      <metrics statements="3" coveredstatements="3" conditionals="0" coveredconditionals="0" methods="2" coveredmethods="1"/>
      <line num="5" count="3" type="stmt"/>
      <line num="6" count="18" type="stmt"/>
      <line num="9" count="18" type="stmt"/>
    </file>
    <file name="api.js" path="C:\Users\Kody\careerFoundry\Meet_App\meet\src\api.js">
      <metrics statements="6" coveredstatements="6" conditionals="0" coveredconditionals="0" methods="3" coveredmethods="3"/>
      <line num="15" count="2" type="stmt"/>
      <line num="16" count="30" type="stmt"/>
      <line num="17" count="2" type="stmt"/>
      <line num="18" count="2" type="stmt"/>
      <line num="26" count="2" type="stmt"/>
      <line num="27" count="3" type="stmt"/>
    </file>
    <file name="eventList.jsx" path="C:\Users\Kody\careerFoundry\Meet_App\meet\src\eventList.jsx">
      <metrics statements="3" coveredstatements="3" conditionals="2" coveredconditionals="2" methods="2" coveredmethods="2"/>
      <line num="4" count="2" type="stmt"/>
      <line num="5" count="5" type="stmt"/>
      <line num="8" count="15" type="stmt"/>
    </file>
    <file name="mock-data.js" path="C:\Users\Kody\careerFoundry\Meet_App\meet\src\mock-data.js">
      <metrics statements="1" coveredstatements="1" conditionals="0" coveredconditionals="0" methods="0" coveredmethods="0"/>
      <line num="1" count="3" type="stmt"/>
    </file>
  </project>
</coverage>
