TN:
SF:src\App.jsx
FN:7,(anonymous_0)
FNF:1
FNH:1
FNDA:2,(anonymous_0)
DA:7,1
DA:8,2
LF:2
LH:2
BRF:0
BRH:0
end_of_record
TN:
SF:src\CitySearch.jsx
FN:4,(anonymous_0)
FN:8,(anonymous_1)
FN:10,(anonymous_2)
FN:19,(anonymous_3)
FN:32,(anonymous_4)
FN:37,(anonymous_5)
FNF:6
FNH:6
FNDA:25,(anonymous_0)
FNDA:12,(anonymous_1)
FNDA:180,(anonymous_2)
FNDA:1,(anonymous_3)
FNDA:3,(anonymous_4)
FNDA:20,(anonymous_5)
DA:4,2
DA:5,25
DA:6,25
DA:7,25
DA:8,25
DA:9,12
DA:10,12
DA:11,180
DA:15,12
DA:16,12
DA:19,25
DA:20,1
DA:21,1
DA:22,1
DA:25,25
DA:32,3
DA:38,20
LF:17
LH:17
BRDA:10,0,0,12
BRDA:10,0,1,0
BRDA:35,1,0,15
BRDA:35,1,1,10
BRF:4
BRH:3
end_of_record
TN:
SF:src\Event.jsx
FN:5,(anonymous_0)
FN:6,(anonymous_1)
FNF:2
FNH:1
FNDA:18,(anonymous_0)
FNDA:0,(anonymous_1)
DA:5,3
DA:6,18
DA:9,18
LF:3
LH:3
BRF:0
BRH:0
end_of_record
TN:
SF:src\api.js
FN:15,(anonymous_0)
FN:16,(anonymous_1)
FN:26,(anonymous_2)
FNF:3
FNH:3
FNDA:2,(anonymous_0)
FNDA:30,(anonymous_1)
FNDA:3,(anonymous_2)
DA:15,2
DA:16,30
DA:17,2
DA:18,2
DA:26,2
DA:27,3
LF:6
LH:6
BRF:0
BRH:0
end_of_record
TN:
SF:src\eventList.jsx
FN:4,(anonymous_0)
FN:8,(anonymous_1)
FNF:2
FNH:2
FNDA:5,(anonymous_0)
FNDA:15,(anonymous_1)
DA:4,2
DA:5,5
DA:8,15
LF:3
LH:3
BRDA:7,0,0,1
BRDA:7,0,1,4
BRF:2
BRH:2
end_of_record
TN:
SF:src\mock-data.js
FNF:0
FNH:0
DA:1,3
LF:1
LH:1
BRF:0
BRH:0
end_of_record
